2023-08-06 00:47:49.485990 - Initialized conversion of CBT087
2023-08-06 00:47:49.783893 - Received CBT.V505.FILE087.PDS from FILE087.XMI 
2023-08-06 00:47:49.786216 - Found $$$#DATE.txt (text/plain) in CBT.V505.FILE087.PDS, moved to PDS/$$$#DATE
2023-08-06 00:47:49.787253 - Found $$$INDEX.txt (text/plain) in CBT.V505.FILE087.PDS, moved to PDS/$$$INDEX
2023-08-06 00:47:49.788237 - Found $INSTALL.txt (text/plain) in CBT.V505.FILE087.PDS, moved to PDS/$INSTALL
2023-08-06 00:47:49.789143 - Found $MRMCBT.jcl (text/plain) in CBT.V505.FILE087.PDS, moved to PDS/$MRMCBT
2023-08-06 00:47:49.790179 - Found @FILE087.txt (text/plain) in CBT.V505.FILE087.PDS, moved to PDS/@FILE087
2023-08-06 00:47:49.791084 - Found BATSCAN.jcl (text/plain) in CBT.V505.FILE087.PDS, moved to PDS/BATSCAN
2023-08-06 00:47:49.792032 - Found CLEAR.jcl (text/plain) in CBT.V505.FILE087.PDS, moved to PDS/CLEAR
2023-08-06 00:47:49.792944 - Found CLOGC.txt (text/plain) in CBT.V505.FILE087.PDS, moved to PDS/CLOGC
2023-08-06 00:47:49.793854 - Found CLOGDW.txt (text/plain) in CBT.V505.FILE087.PDS, moved to PDS/CLOGDW
2023-08-06 00:47:49.794737 - Found CLOGEA.txt (text/plain) in CBT.V505.FILE087.PDS, moved to PDS/CLOGEA
2023-08-06 00:47:49.795651 - Found CLOGEC.txt (text/plain) in CBT.V505.FILE087.PDS, moved to PDS/CLOGEC
2023-08-06 00:47:49.796499 - Found CLOGMAIN.txt (text/plain) in CBT.V505.FILE087.PDS, moved to PDS/CLOGMAIN
2023-08-06 00:47:49.797366 - Found CLOGSA.txt (text/plain) in CBT.V505.FILE087.PDS, moved to PDS/CLOGSA
2023-08-06 00:47:49.798216 - Found CLOGSC1.txt (text/plain) in CBT.V505.FILE087.PDS, moved to PDS/CLOGSC1
2023-08-06 00:47:49.799118 - Found CLOGSC2.txt (text/plain) in CBT.V505.FILE087.PDS, moved to PDS/CLOGSC2
2023-08-06 00:47:49.800021 - Found CLOGSC3.txt (text/plain) in CBT.V505.FILE087.PDS, moved to PDS/CLOGSC3
2023-08-06 00:47:49.800878 - Found ISRUTIL.txt (text/plain) in CBT.V505.FILE087.PDS, moved to PDS/ISRUTIL
2023-08-06 00:47:49.801759 - Found LOGASMCL.jcl (text/plain) in CBT.V505.FILE087.PDS, moved to PDS/LOGASMCL
2023-08-06 00:47:49.802626 - Found LOGC.txt (text/plain) in CBT.V505.FILE087.PDS, moved to PDS/LOGC
2023-08-06 00:47:49.803528 - Found LOGCH.txt (text/plain) in CBT.V505.FILE087.PDS, moved to PDS/LOGCH
2023-08-06 00:47:49.804427 - Found LOGCMDS.txt (text/plain) in CBT.V505.FILE087.PDS, moved to PDS/LOGCMDS
2023-08-06 00:47:49.805308 - Found LOGDDH.txt (text/plain) in CBT.V505.FILE087.PDS, moved to PDS/LOGDDH
2023-08-06 00:47:49.806256 - Found LOGDDH2.txt (text/plain) in CBT.V505.FILE087.PDS, moved to PDS/LOGDDH2
2023-08-06 00:47:49.807178 - Found LOGDDH3.txt (text/plain) in CBT.V505.FILE087.PDS, moved to PDS/LOGDDH3
2023-08-06 00:47:49.808043 - Found LOGDDH4.txt (text/plain) in CBT.V505.FILE087.PDS, moved to PDS/LOGDDH4
2023-08-06 00:47:49.808980 - Found LOGDW.txt (text/plain) in CBT.V505.FILE087.PDS, moved to PDS/LOGDW
2023-08-06 00:47:49.809843 - Found LOGDWH.txt (text/plain) in CBT.V505.FILE087.PDS, moved to PDS/LOGDWH
2023-08-06 00:47:49.810670 - Found LOGDWH2.txt (text/plain) in CBT.V505.FILE087.PDS, moved to PDS/LOGDWH2
2023-08-06 00:47:49.811553 - Found LOGE.txt (text/plain) in CBT.V505.FILE087.PDS, moved to PDS/LOGE
2023-08-06 00:47:49.812413 - Found LOGEA.txt (text/plain) in CBT.V505.FILE087.PDS, moved to PDS/LOGEA
2023-08-06 00:47:49.813278 - Found LOGEAH.txt (text/plain) in CBT.V505.FILE087.PDS, moved to PDS/LOGEAH
2023-08-06 00:47:49.814203 - Found LOGEH.txt (text/plain) in CBT.V505.FILE087.PDS, moved to PDS/LOGEH
2023-08-06 00:47:49.815094 - Found LOGMAIN.txt (text/plain) in CBT.V505.FILE087.PDS, moved to PDS/LOGMAIN
2023-08-06 00:47:49.815963 - Found LOGMAINH.txt (text/plain) in CBT.V505.FILE087.PDS, moved to PDS/LOGMAINH
2023-08-06 00:47:49.816866 - Found LOGMAINT.txt (text/plain) in CBT.V505.FILE087.PDS, moved to PDS/LOGMAINT
2023-08-06 00:47:49.817722 - Found LOGSA.txt (text/plain) in CBT.V505.FILE087.PDS, moved to PDS/LOGSA
2023-08-06 00:47:49.818573 - Found LOGSAH.txt (text/plain) in CBT.V505.FILE087.PDS, moved to PDS/LOGSAH
2023-08-06 00:47:49.819416 - Found LOGSAH2.txt (text/plain) in CBT.V505.FILE087.PDS, moved to PDS/LOGSAH2
2023-08-06 00:47:49.820270 - Found LOGSC.txt (text/plain) in CBT.V505.FILE087.PDS, moved to PDS/LOGSC
2023-08-06 00:47:49.821127 - Found LOGSCAN.txt (text/plain) in CBT.V505.FILE087.PDS, moved to PDS/LOGSCAN
2023-08-06 00:47:49.821969 - Found LOGSCH.txt (text/plain) in CBT.V505.FILE087.PDS, moved to PDS/LOGSCH
2023-08-06 00:47:49.822868 - Found LOGSCH1.txt (text/plain) in CBT.V505.FILE087.PDS, moved to PDS/LOGSCH1
2023-08-06 00:47:49.823711 - Found LOGSCH2.txt (text/plain) in CBT.V505.FILE087.PDS, moved to PDS/LOGSCH2
2023-08-06 00:47:49.824564 - Found LOGSCH3.txt (text/plain) in CBT.V505.FILE087.PDS, moved to PDS/LOGSCH3
2023-08-06 00:47:49.825437 - Found LOGSC2.txt (text/plain) in CBT.V505.FILE087.PDS, moved to PDS/LOGSC2
2023-08-06 00:47:49.826288 - Found LOGV01.txt (text/plain) in CBT.V505.FILE087.PDS, moved to PDS/LOGV01
2023-08-06 00:47:49.827180 - Found OPTEJCL.jcl (text/plain) in CBT.V505.FILE087.PDS, moved to PDS/OPTEJCL
2023-08-06 00:47:49.828042 - Found OPTIONE.jcl (text/plain) in CBT.V505.FILE087.PDS, moved to PDS/OPTIONE
2023-08-06 00:47:49.828911 - Found POSTPROC.jcl (text/plain) in CBT.V505.FILE087.PDS, moved to PDS/POSTPROC
2023-08-06 00:47:49.829849 - Found PRINTLOG.jcl (text/plain) in CBT.V505.FILE087.PDS, moved to PDS/PRINTLOG
2023-08-06 00:47:49.830731 - Found PROC.jcl (text/plain) in CBT.V505.FILE087.PDS, moved to PDS/PROC
2023-08-06 00:47:49.831703 - Found RANGE.jcl (text/plain) in CBT.V505.FILE087.PDS, moved to PDS/RANGE
2023-08-06 00:47:49.832641 - Found SLOGC.txt (text/plain) in CBT.V505.FILE087.PDS, moved to PDS/SLOGC
2023-08-06 00:47:49.833541 - Found SLOGDW.txt (text/plain) in CBT.V505.FILE087.PDS, moved to PDS/SLOGDW
2023-08-06 00:47:49.834450 - Found SLOGEA.txt (text/plain) in CBT.V505.FILE087.PDS, moved to PDS/SLOGEA
2023-08-06 00:47:49.835320 - Found SLOGSA.txt (text/plain) in CBT.V505.FILE087.PDS, moved to PDS/SLOGSA
2023-08-06 00:47:49.836188 - Found SLOGSC2.txt (text/plain) in CBT.V505.FILE087.PDS, moved to PDS/SLOGSC2
2023-08-06 00:47:49.837119 - Found SLOGTMP.txt (text/plain) in CBT.V505.FILE087.PDS, moved to PDS/SLOGTMP
2023-08-06 00:47:49.837974 - Found SOPENTRY.txt (text/plain) in CBT.V505.FILE087.PDS, moved to PDS/SOPENTRY
2023-08-06 00:47:49.838806 - Found SYSLOGD.txt (text/plain) in CBT.V505.FILE087.PDS, moved to PDS/SYSLOGD
